gEDA/gschem version 1.2.0.20070902
gEDA/gschem comes with ABSOLUTELY NO WARRANTY; see COPYING for more details.
This is free software, and you are welcome to redistribute it under certain
conditions; please see the COPYING file for more details.

Read system-gafrc file [/usr/share/gEDA/system-gafrc]
Did not find optional ~/.gEDA/gafrc file [/home/rloader/.gEDA/gafrc]
Read local gafrc file [/home/rloader/ele/osc/gafrc]
Read system-gschemrc file [/usr/share/gEDA/system-gschemrc]
Did not find optional ~/.gEDA/gschemrc file [/home/rloader/.gEDA/gschemrc]
Did not find optional local gschemrc file [/home/rloader/ele/osc/gschemrc]
Read init scm file [/usr/share/gEDA/scheme/gschem.scm]
RC file [/home/rloader/ele/osc/gafrc] already read in.
Opened file [/home/rloader/ele/osc/osc.sch]
Tried to set the sensitivity on a non-existent menu item
Tried to set the sensitivity on a non-existent menu item
Tried to set the sensitivity on a non-existent menu item
Tried to set the sensitivity on a non-existent menu item
Tried to set the sensitivity on a non-existent menu item
Tried to set the sensitivity on a non-existent menu item
Tried to set the sensitivity on a non-existent menu item
Tried to set the sensitivity on a non-existent menu item
Tried to set the sensitivity on a non-existent menu item
Tried to set the sensitivity on a non-existent menu item
Saved [/home/rloader/ele/osc/osc.sch]
Tried to set the sensitivity on a non-existent menu item
Tried to set the sensitivity on a non-existent menu item
Tried to set the sensitivity on a non-existent menu item
Tried to set the sensitivity on a non-existent menu item
Tried to set the sensitivity on a non-existent menu item
Tried to set the sensitivity on a non-existent menu item
Tried to set the sensitivity on a non-existent menu item
Saved [/home/rloader/ele/osc/osc.sch]
Tried to set the sensitivity on a non-existent menu item
Tried to set the sensitivity on a non-existent menu item
Tried to set the sensitivity on a non-existent menu item
Tried to set the sensitivity on a non-existent menu item
Tried to set the sensitivity on a non-existent menu item
Tried to set the sensitivity on a non-existent menu item
Tried to set the sensitivity on a non-existent menu item
Tried to set the sensitivity on a non-existent menu item
Tried to set the sensitivity on a non-existent menu item
Tried to set the sensitivity on a non-existent menu item
Tried to set the sensitivity on a non-existent menu item
Tried to set the sensitivity on a non-existent menu item
Tried to set the sensitivity on a non-existent menu item
Tried to set the sensitivity on a non-existent menu item
Found an improper attribute: _10k=_
Tried to set the sensitivity on a non-existent menu item
Tried to set the sensitivity on a non-existent menu item
Saved [/home/rloader/ele/osc/osc.sch]
Tried to set the sensitivity on a non-existent menu item
Tried to set the sensitivity on a non-existent menu item
Tried to set the sensitivity on a non-existent menu item
Tried to set the sensitivity on a non-existent menu item
Tried to set the sensitivity on a non-existent menu item
Tried to set the sensitivity on a non-existent menu item
Tried to set the sensitivity on a non-existent menu item
Tried to set the sensitivity on a non-existent menu item
Tried to set the sensitivity on a non-existent menu item
Tried to set the sensitivity on a non-existent menu item
Saved [/home/rloader/ele/osc/osc.sch]
Tried to set the sensitivity on a non-existent menu item
Tried to set the sensitivity on a non-existent menu item
Tried to set the sensitivity on a non-existent menu item
Tried to set the sensitivity on a non-existent menu item
Tried to set the sensitivity on a non-existent menu item
Tried to set the sensitivity on a non-existent menu item
Tried to set the sensitivity on a non-existent menu item
Tried to set the sensitivity on a non-existent menu item
Tried to set the sensitivity on a non-existent menu item
Tried to set the sensitivity on a non-existent menu item
Saved [/home/rloader/ele/osc/osc.sch]
Tried to set the sensitivity on a non-existent menu item
Tried to set the sensitivity on a non-existent menu item
Tried to set the sensitivity on a non-existent menu item
Tried to set the sensitivity on a non-existent menu item
Tried to set the sensitivity on a non-existent menu item
Tried to set the sensitivity on a non-existent menu item
Tried to set the sensitivity on a non-existent menu item
Tried to set the sensitivity on a non-existent menu item
Tried to set the sensitivity on a non-existent menu item
Tried to set the sensitivity on a non-existent menu item
Tried to set the sensitivity on a non-existent menu item
Tried to set the sensitivity on a non-existent menu item
Tried to set the sensitivity on a non-existent menu item
Tried to set the sensitivity on a non-existent menu item
Tried to set the sensitivity on a non-existent menu item
Tried to set the sensitivity on a non-existent menu item
Tried to set the sensitivity on a non-existent menu item
Tried to set the sensitivity on a non-existent menu item
Tried to set the sensitivity on a non-existent menu item
Tried to set the sensitivity on a non-existent menu item
Tried to set the sensitivity on a non-existent menu item
Tried to set the sensitivity on a non-existent menu item
Tried to set the sensitivity on a non-existent menu item
Tried to set the sensitivity on a non-existent menu item
Tried to set the sensitivity on a non-existent menu item
Tried to set the sensitivity on a non-existent menu item
Tried to set the sensitivity on a non-existent menu item
Tried to set the sensitivity on a non-existent menu item
Saved [/home/rloader/ele/osc/osc.sch]
Tried to set the sensitivity on a non-existent menu item
Tried to set the sensitivity on a non-existent menu item
Tried to set the sensitivity on a non-existent menu item
Tried to set the sensitivity on a non-existent menu item
Tried to set the sensitivity on a non-existent menu item
Tried to set the sensitivity on a non-existent menu item
Tried to set the sensitivity on a non-existent menu item
Tried to set the sensitivity on a non-existent menu item
Tried to set the sensitivity on a non-existent menu item
Tried to set the sensitivity on a non-existent menu item
Tried to set the sensitivity on a non-existent menu item
Saved [/home/rloader/ele/osc/osc.sch]
Tried to set the sensitivity on a non-existent menu item
Tried to set the sensitivity on a non-existent menu item
Tried to set the sensitivity on a non-existent menu item
Tried to set the sensitivity on a non-existent menu item
Tried to set the sensitivity on a non-existent menu item
Tried to set the sensitivity on a non-existent menu item
Saved [/home/rloader/ele/osc/osc.sch]
Tried to set the sensitivity on a non-existent menu item
Tried to set the sensitivity on a non-existent menu item
Tried to set the sensitivity on a non-existent menu item
Tried to set the sensitivity on a non-existent menu item
Saved [/home/rloader/ele/osc/osc.sch]
Tried to set the sensitivity on a non-existent menu item
Tried to set the sensitivity on a non-existent menu item
Tried to set the sensitivity on a non-existent menu item
Tried to set the sensitivity on a non-existent menu item
Tried to set the sensitivity on a non-existent menu item
Tried to set the sensitivity on a non-existent menu item
Tried to set the sensitivity on a non-existent menu item
Tried to set the sensitivity on a non-existent menu item
Tried to set the sensitivity on a non-existent menu item
Tried to set the sensitivity on a non-existent menu item
Tried to set the sensitivity on a non-existent menu item
Tried to set the sensitivity on a non-existent menu item
Tried to set the sensitivity on a non-existent menu item
Tried to set the sensitivity on a non-existent menu item
Tried to set the sensitivity on a non-existent menu item
Tried to set the sensitivity on a non-existent menu item
Tried to set the sensitivity on a non-existent menu item
Tried to set the sensitivity on a non-existent menu item
Tried to set the sensitivity on a non-existent menu item
Tried to set the sensitivity on a non-existent menu item
Tried to set the sensitivity on a non-existent menu item
Tried to set the sensitivity on a non-existent menu item
Tried to set the sensitivity on a non-existent menu item
Tried to set the sensitivity on a non-existent menu item
Saved [/home/rloader/ele/osc/osc.sch]
Tried to set the sensitivity on a non-existent menu item
Tried to set the sensitivity on a non-existent menu item
Tried to set the sensitivity on a non-existent menu item
Tried to set the sensitivity on a non-existent menu item
Tried to set the sensitivity on a non-existent menu item
Saved [/home/rloader/ele/osc/osc.sch]
Tried to set the sensitivity on a non-existent menu item
Tried to set the sensitivity on a non-existent menu item
Tried to set the sensitivity on a non-existent menu item
Tried to set the sensitivity on a non-existent menu item
Tried to set the sensitivity on a non-existent menu item
Tried to set the sensitivity on a non-existent menu item
Tried to set the sensitivity on a non-existent menu item
Tried to set the sensitivity on a non-existent menu item
Tried to set the sensitivity on a non-existent menu item
Tried to set the sensitivity on a non-existent menu item
Tried to set the sensitivity on a non-existent menu item
Tried to set the sensitivity on a non-existent menu item
Tried to set the sensitivity on a non-existent menu item
Tried to set the sensitivity on a non-existent menu item
Tried to set the sensitivity on a non-existent menu item
Tried to set the sensitivity on a non-existent menu item
Tried to set the sensitivity on a non-existent menu item
Tried to set the sensitivity on a non-existent menu item
Tried to set the sensitivity on a non-existent menu item
Saved [/home/rloader/ele/osc/osc.sch]
Tried to set the sensitivity on a non-existent menu item
Tried to set the sensitivity on a non-existent menu item
Tried to set the sensitivity on a non-existent menu item
Saved [/home/rloader/ele/osc/osc.sch]
Tried to set the sensitivity on a non-existent menu item
Tried to set the sensitivity on a non-existent menu item
Tried to set the sensitivity on a non-existent menu item
Tried to set the sensitivity on a non-existent menu item
Tried to set the sensitivity on a non-existent menu item
Saved [/home/rloader/ele/osc/osc.sch]
Tried to set the sensitivity on a non-existent menu item
Tried to set the sensitivity on a non-existent menu item
Tried to set the sensitivity on a non-existent menu item
Tried to set the sensitivity on a non-existent menu item
Tried to set the sensitivity on a non-existent menu item
Saved [/home/rloader/ele/osc/osc.sch]
Tried to set the sensitivity on a non-existent menu item
Tried to set the sensitivity on a non-existent menu item
Tried to set the sensitivity on a non-existent menu item
Tried to set the sensitivity on a non-existent menu item
Tried to set the sensitivity on a non-existent menu item
Saved [/home/rloader/ele/osc/osc.sch]
Tried to set the sensitivity on a non-existent menu item
Tried to set the sensitivity on a non-existent menu item
Tried to set the sensitivity on a non-existent menu item
Tried to set the sensitivity on a non-existent menu item
Tried to set the sensitivity on a non-existent menu item
Tried to set the sensitivity on a non-existent menu item
Tried to set the sensitivity on a non-existent menu item
Tried to set the sensitivity on a non-existent menu item
Tried to set the sensitivity on a non-existent menu item
Tried to set the sensitivity on a non-existent menu item
Tried to set the sensitivity on a non-existent menu item
Tried to set the sensitivity on a non-existent menu item
Tried to set the sensitivity on a non-existent menu item
Tried to set the sensitivity on a non-existent menu item
Tried to set the sensitivity on a non-existent menu item
Tried to set the sensitivity on a non-existent menu item
Tried to set the sensitivity on a non-existent menu item
Tried to set the sensitivity on a non-existent menu item
Tried to set the sensitivity on a non-existent menu item
Tried to set the sensitivity on a non-existent menu item
Tried to set the sensitivity on a non-existent menu item
Tried to set the sensitivity on a non-existent menu item
Tried to set the sensitivity on a non-existent menu item
Tried to set the sensitivity on a non-existent menu item
Saved [/home/rloader/ele/osc/osc.sch]
Tried to set the sensitivity on a non-existent menu item
Tried to set the sensitivity on a non-existent menu item
Tried to set the sensitivity on a non-existent menu item
Saved [/home/rloader/ele/osc/osc.sch]
Tried to set the sensitivity on a non-existent menu item
Tried to set the sensitivity on a non-existent menu item
Saved [/home/rloader/ele/osc/osc.sch]
Tried to set the sensitivity on a non-existent menu item
Tried to set the sensitivity on a non-existent menu item
Tried to set the sensitivity on a non-existent menu item
Tried to set the sensitivity on a non-existent menu item
Tried to set the sensitivity on a non-existent menu item
Tried to set the sensitivity on a non-existent menu item
Tried to set the sensitivity on a non-existent menu item
Saved [/home/rloader/ele/osc/osc.sch]
Tried to set the sensitivity on a non-existent menu item
Tried to set the sensitivity on a non-existent menu item
Saved [/home/rloader/ele/osc/osc.sch]
Tried to set the sensitivity on a non-existent menu item
Saved [/home/rloader/ele/osc/osc.sch]
Tried to set the sensitivity on a non-existent menu item
Tried to set the sensitivity on a non-existent menu item
Tried to set the sensitivity on a non-existent menu item
Tried to set the sensitivity on a non-existent menu item
Tried to set the sensitivity on a non-existent menu item
Saved [/home/rloader/ele/osc/osc.sch]
Tried to set the sensitivity on a non-existent menu item
Tried to set the sensitivity on a non-existent menu item
Tried to set the sensitivity on a non-existent menu item
Tried to set the sensitivity on a non-existent menu item
Tried to set the sensitivity on a non-existent menu item
Tried to set the sensitivity on a non-existent menu item
Tried to set the sensitivity on a non-existent menu item
Tried to set the sensitivity on a non-existent menu item
Tried to set the sensitivity on a non-existent menu item
Tried to set the sensitivity on a non-existent menu item
Tried to set the sensitivity on a non-existent menu item
Saved [/home/rloader/ele/osc/osc.sch]
Tried to set the sensitivity on a non-existent menu item
Tried to set the sensitivity on a non-existent menu item
Tried to set the sensitivity on a non-existent menu item
Tried to set the sensitivity on a non-existent menu item
Tried to set the sensitivity on a non-existent menu item
Tried to set the sensitivity on a non-existent menu item
Tried to set the sensitivity on a non-existent menu item
Tried to set the sensitivity on a non-existent menu item
Saved [/home/rloader/ele/osc/osc.sch]
Tried to set the sensitivity on a non-existent menu item
Tried to set the sensitivity on a non-existent menu item
Tried to set the sensitivity on a non-existent menu item
Tried to set the sensitivity on a non-existent menu item
Tried to set the sensitivity on a non-existent menu item
Tried to set the sensitivity on a non-existent menu item
Tried to set the sensitivity on a non-existent menu item
Tried to set the sensitivity on a non-existent menu item
Tried to set the sensitivity on a non-existent menu item
Tried to set the sensitivity on a non-existent menu item
Tried to set the sensitivity on a non-existent menu item
Tried to set the sensitivity on a non-existent menu item
Tried to set the sensitivity on a non-existent menu item
Tried to set the sensitivity on a non-existent menu item
Tried to set the sensitivity on a non-existent menu item
Tried to set the sensitivity on a non-existent menu item
Tried to set the sensitivity on a non-existent menu item
Tried to set the sensitivity on a non-existent menu item
Saved [/home/rloader/ele/osc/osc.sch]
Tried to set the sensitivity on a non-existent menu item
Tried to set the sensitivity on a non-existent menu item
Tried to set the sensitivity on a non-existent menu item
Tried to set the sensitivity on a non-existent menu item
Tried to set the sensitivity on a non-existent menu item
Tried to set the sensitivity on a non-existent menu item
Tried to set the sensitivity on a non-existent menu item
Tried to set the sensitivity on a non-existent menu item
Tried to set the sensitivity on a non-existent menu item
Tried to set the sensitivity on a non-existent menu item
Tried to set the sensitivity on a non-existent menu item
Tried to set the sensitivity on a non-existent menu item
Tried to set the sensitivity on a non-existent menu item
Tried to set the sensitivity on a non-existent menu item
Tried to set the sensitivity on a non-existent menu item
Tried to set the sensitivity on a non-existent menu item
Tried to set the sensitivity on a non-existent menu item
Tried to set the sensitivity on a non-existent menu item
Tried to set the sensitivity on a non-existent menu item
Tried to set the sensitivity on a non-existent menu item
Tried to set the sensitivity on a non-existent menu item
Saved [/home/rloader/ele/osc/osc.sch]
Tried to set the sensitivity on a non-existent menu item
Tried to set the sensitivity on a non-existent menu item
Tried to set the sensitivity on a non-existent menu item
Tried to set the sensitivity on a non-existent menu item
Tried to set the sensitivity on a non-existent menu item
Tried to set the sensitivity on a non-existent menu item
Tried to set the sensitivity on a non-existent menu item
Saved [/home/rloader/ele/osc/osc.sch]
Tried to set the sensitivity on a non-existent menu item
Tried to set the sensitivity on a non-existent menu item
Tried to set the sensitivity on a non-existent menu item
Tried to set the sensitivity on a non-existent menu item
Saved [/home/rloader/ele/osc/osc.sch]
Tried to set the sensitivity on a non-existent menu item
Tried to set the sensitivity on a non-existent menu item
Tried to set the sensitivity on a non-existent menu item
Tried to set the sensitivity on a non-existent menu item
Tried to set the sensitivity on a non-existent menu item
Saved [/home/rloader/ele/osc/osc.sch]
Tried to set the sensitivity on a non-existent menu item
Printed current schematic to [/home/rloader/ele/osc/osc.ps]
Tried to set the sensitivity on a non-existent menu item
Tried to set the sensitivity on a non-existent menu item
Tried to set the sensitivity on a non-existent menu item
Tried to set the sensitivity on a non-existent menu item
Tried to set the sensitivity on a non-existent menu item
Tried to set the sensitivity on a non-existent menu item
Tried to set the sensitivity on a non-existent menu item
Tried to set the sensitivity on a non-existent menu item
Saved [/home/rloader/ele/osc/osc.sch]
Tried to set the sensitivity on a non-existent menu item
Tried to set the sensitivity on a non-existent menu item
Tried to set the sensitivity on a non-existent menu item
Tried to set the sensitivity on a non-existent menu item
Tried to set the sensitivity on a non-existent menu item
Tried to set the sensitivity on a non-existent menu item
Saved [/home/rloader/ele/osc/osc.sch]
Tried to set the sensitivity on a non-existent menu item
Tried to set the sensitivity on a non-existent menu item
Tried to set the sensitivity on a non-existent menu item
Tried to set the sensitivity on a non-existent menu item
Tried to set the sensitivity on a non-existent menu item
Tried to set the sensitivity on a non-existent menu item
Tried to set the sensitivity on a non-existent menu item
Tried to set the sensitivity on a non-existent menu item
Tried to set the sensitivity on a non-existent menu item
Tried to set the sensitivity on a non-existent menu item
Tried to set the sensitivity on a non-existent menu item
Tried to set the sensitivity on a non-existent menu item
Tried to set the sensitivity on a non-existent menu item
Tried to set the sensitivity on a non-existent menu item
Saved [/home/rloader/ele/osc/osc.sch]
Tried to set the sensitivity on a non-existent menu item
Tried to set the sensitivity on a non-existent menu item
Tried to set the sensitivity on a non-existent menu item
Tried to set the sensitivity on a non-existent menu item
Tried to set the sensitivity on a non-existent menu item
Tried to set the sensitivity on a non-existent menu item
Tried to set the sensitivity on a non-existent menu item
Tried to set the sensitivity on a non-existent menu item
Tried to set the sensitivity on a non-existent menu item
Tried to set the sensitivity on a non-existent menu item
Tried to set the sensitivity on a non-existent menu item
Tried to set the sensitivity on a non-existent menu item
Tried to set the sensitivity on a non-existent menu item
Saved [/home/rloader/ele/osc/osc.sch]
Tried to set the sensitivity on a non-existent menu item
Tried to set the sensitivity on a non-existent menu item
Tried to set the sensitivity on a non-existent menu item
Tried to set the sensitivity on a non-existent menu item
Tried to set the sensitivity on a non-existent menu item
Tried to set the sensitivity on a non-existent menu item
Saved [/home/rloader/ele/osc/osc.sch]
Tried to set the sensitivity on a non-existent menu item
Tried to set the sensitivity on a non-existent menu item
Tried to set the sensitivity on a non-existent menu item
Tried to set the sensitivity on a non-existent menu item
Tried to set the sensitivity on a non-existent menu item
Tried to set the sensitivity on a non-existent menu item
Saved [/home/rloader/ele/osc/osc.sch]
Tried to set the sensitivity on a non-existent menu item
Tried to set the sensitivity on a non-existent menu item
Tried to set the sensitivity on a non-existent menu item
Saved [/home/rloader/ele/osc/osc.sch]
Tried to set the sensitivity on a non-existent menu item
Tried to set the sensitivity on a non-existent menu item
Tried to set the sensitivity on a non-existent menu item
Tried to set the sensitivity on a non-existent menu item
Tried to set the sensitivity on a non-existent menu item
Tried to set the sensitivity on a non-existent menu item
Tried to set the sensitivity on a non-existent menu item
Saved [/home/rloader/ele/osc/osc.sch]
Tried to set the sensitivity on a non-existent menu item
Tried to set the sensitivity on a non-existent menu item
Tried to set the sensitivity on a non-existent menu item
Tried to set the sensitivity on a non-existent menu item
Saved [/home/rloader/ele/osc/osc.sch]
Tried to set the sensitivity on a non-existent menu item
Tried to set the sensitivity on a non-existent menu item
Saved [/home/rloader/ele/osc/osc.sch]
Tried to set the sensitivity on a non-existent menu item
Saved [/home/rloader/ele/osc/osc.sch]
Tried to set the sensitivity on a non-existent menu item
Tried to set the sensitivity on a non-existent menu item
Saved [/home/rloader/ele/osc/osc.sch]
Tried to set the sensitivity on a non-existent menu item
Tried to set the sensitivity on a non-existent menu item
Tried to set the sensitivity on a non-existent menu item
Tried to set the sensitivity on a non-existent menu item
Tried to set the sensitivity on a non-existent menu item
Tried to set the sensitivity on a non-existent menu item
Tried to set the sensitivity on a non-existent menu item
Tried to set the sensitivity on a non-existent menu item
Saved [/home/rloader/ele/osc/osc.sch]
Tried to set the sensitivity on a non-existent menu item
Saved [/home/rloader/ele/osc/osc.sch]
Tried to set the sensitivity on a non-existent menu item
Tried to set the sensitivity on a non-existent menu item
Tried to set the sensitivity on a non-existent menu item
Tried to set the sensitivity on a non-existent menu item
Tried to set the sensitivity on a non-existent menu item
Tried to set the sensitivity on a non-existent menu item
Tried to set the sensitivity on a non-existent menu item
Tried to set the sensitivity on a non-existent menu item
Tried to set the sensitivity on a non-existent menu item
Saved [/home/rloader/ele/osc/osc.sch]
Tried to set the sensitivity on a non-existent menu item
Tried to set the sensitivity on a non-existent menu item
Tried to set the sensitivity on a non-existent menu item
Tried to set the sensitivity on a non-existent menu item
Tried to set the sensitivity on a non-existent menu item
Tried to set the sensitivity on a non-existent menu item
Tried to set the sensitivity on a non-existent menu item
Tried to set the sensitivity on a non-existent menu item
Tried to set the sensitivity on a non-existent menu item
Saved [/home/rloader/ele/osc/osc.sch]
Tried to set the sensitivity on a non-existent menu item
Saved [/home/rloader/ele/osc/osc.sch]
Tried to set the sensitivity on a non-existent menu item
Tried to set the sensitivity on a non-existent menu item
Tried to set the sensitivity on a non-existent menu item
Tried to set the sensitivity on a non-existent menu item
Saved [/home/rloader/ele/osc/osc.sch]
Tried to set the sensitivity on a non-existent menu item
Tried to set the sensitivity on a non-existent menu item
Tried to set the sensitivity on a non-existent menu item
Tried to set the sensitivity on a non-existent menu item
Tried to set the sensitivity on a non-existent menu item
Tried to set the sensitivity on a non-existent menu item
Tried to set the sensitivity on a non-existent menu item
Tried to set the sensitivity on a non-existent menu item
Tried to set the sensitivity on a non-existent menu item
Saved [/home/rloader/ele/osc/osc.sch]
Tried to set the sensitivity on a non-existent menu item
Tried to set the sensitivity on a non-existent menu item
Tried to set the sensitivity on a non-existent menu item
Tried to set the sensitivity on a non-existent menu item
Saved [/home/rloader/ele/osc/osc.sch]
Tried to set the sensitivity on a non-existent menu item
Tried to set the sensitivity on a non-existent menu item
Tried to set the sensitivity on a non-existent menu item
Tried to set the sensitivity on a non-existent menu item
Tried to set the sensitivity on a non-existent menu item
Tried to set the sensitivity on a non-existent menu item
Tried to set the sensitivity on a non-existent menu item
Tried to set the sensitivity on a non-existent menu item
Tried to set the sensitivity on a non-existent menu item
Tried to set the sensitivity on a non-existent menu item
Tried to set the sensitivity on a non-existent menu item
Tried to set the sensitivity on a non-existent menu item
Tried to set the sensitivity on a non-existent menu item
Tried to set the sensitivity on a non-existent menu item
Tried to set the sensitivity on a non-existent menu item
Tried to set the sensitivity on a non-existent menu item
Tried to set the sensitivity on a non-existent menu item
Tried to set the sensitivity on a non-existent menu item
Tried to set the sensitivity on a non-existent menu item
Tried to set the sensitivity on a non-existent menu item
Tried to set the sensitivity on a non-existent menu item
Tried to set the sensitivity on a non-existent menu item
Tried to set the sensitivity on a non-existent menu item
Tried to set the sensitivity on a non-existent menu item
Tried to set the sensitivity on a non-existent menu item
Tried to set the sensitivity on a non-existent menu item
Tried to set the sensitivity on a non-existent menu item
Tried to set the sensitivity on a non-existent menu item
Tried to set the sensitivity on a non-existent menu item
Tried to set the sensitivity on a non-existent menu item
Tried to set the sensitivity on a non-existent menu item
Tried to set the sensitivity on a non-existent menu item
Tried to set the sensitivity on a non-existent menu item
Tried to set the sensitivity on a non-existent menu item
Tried to set the sensitivity on a non-existent menu item
Tried to set the sensitivity on a non-existent menu item
Tried to set the sensitivity on a non-existent menu item
Tried to set the sensitivity on a non-existent menu item
Tried to set the sensitivity on a non-existent menu item
component missing pinseq= attribute
component missing pinseq= attribute
Tried to set the sensitivity on a non-existent menu item
Tried to set the sensitivity on a non-existent menu item
component missing pinseq= attribute
component missing pinseq= attribute
Tried to set the sensitivity on a non-existent menu item
component missing pinseq= attribute
component missing pinseq= attribute
Tried to set the sensitivity on a non-existent menu item
component missing pinseq= attribute
component missing pinseq= attribute
Tried to set the sensitivity on a non-existent menu item
Tried to set the sensitivity on a non-existent menu item
Tried to set the sensitivity on a non-existent menu item
Tried to set the sensitivity on a non-existent menu item
Tried to set the sensitivity on a non-existent menu item
Tried to set the sensitivity on a non-existent menu item
component missing pinseq= attribute
component missing pinseq= attribute
Tried to set the sensitivity on a non-existent menu item
Tried to set the sensitivity on a non-existent menu item
Tried to set the sensitivity on a non-existent menu item
Tried to set the sensitivity on a non-existent menu item
Tried to set the sensitivity on a non-existent menu item
Tried to set the sensitivity on a non-existent menu item
Tried to set the sensitivity on a non-existent menu item
Tried to set the sensitivity on a non-existent menu item
Tried to set the sensitivity on a non-existent menu item
Tried to set the sensitivity on a non-existent menu item
Tried to set the sensitivity on a non-existent menu item
Tried to set the sensitivity on a non-existent menu item
Saved [/home/rloader/ele/osc/osc.sch]
Tried to set the sensitivity on a non-existent menu item
Tried to set the sensitivity on a non-existent menu item
Tried to set the sensitivity on a non-existent menu item
Tried to set the sensitivity on a non-existent menu item
Saved [/home/rloader/ele/osc/osc.sch]
Tried to set the sensitivity on a non-existent menu item
Tried to set the sensitivity on a non-existent menu item
Tried to set the sensitivity on a non-existent menu item
Tried to set the sensitivity on a non-existent menu item
Tried to set the sensitivity on a non-existent menu item
Tried to set the sensitivity on a non-existent menu item
Tried to set the sensitivity on a non-existent menu item
Saved [/home/rloader/ele/osc/osc.sch]
Tried to set the sensitivity on a non-existent menu item
Tried to set the sensitivity on a non-existent menu item
Saved [/home/rloader/ele/osc/osc.sch]
Tried to set the sensitivity on a non-existent menu item
Tried to set the sensitivity on a non-existent menu item
Tried to set the sensitivity on a non-existent menu item
Tried to set the sensitivity on a non-existent menu item
Tried to set the sensitivity on a non-existent menu item
Tried to set the sensitivity on a non-existent menu item
Saved [/home/rloader/ele/osc/osc.sch]
Tried to set the sensitivity on a non-existent menu item
Tried to set the sensitivity on a non-existent menu item
Saved [/home/rloader/ele/osc/osc.sch]
Tried to set the sensitivity on a non-existent menu item
Tried to set the sensitivity on a non-existent menu item
Tried to set the sensitivity on a non-existent menu item
Tried to set the sensitivity on a non-existent menu item
Saved [/home/rloader/ele/osc/osc.sch]
Tried to set the sensitivity on a non-existent menu item
Saved [/home/rloader/ele/osc/osc.sch]
Tried to set the sensitivity on a non-existent menu item
Tried to set the sensitivity on a non-existent menu item
Tried to set the sensitivity on a non-existent menu item
Tried to set the sensitivity on a non-existent menu item
Tried to set the sensitivity on a non-existent menu item
Tried to set the sensitivity on a non-existent menu item
Tried to set the sensitivity on a non-existent menu item
Tried to set the sensitivity on a non-existent menu item
Tried to set the sensitivity on a non-existent menu item
Tried to set the sensitivity on a non-existent menu item
Tried to set the sensitivity on a non-existent menu item
Saved [/home/rloader/ele/osc/osc.sch]
Tried to set the sensitivity on a non-existent menu item
Tried to set the sensitivity on a non-existent menu item
Tried to set the sensitivity on a non-existent menu item
Tried to set the sensitivity on a non-existent menu item
Tried to set the sensitivity on a non-existent menu item
Tried to set the sensitivity on a non-existent menu item
Tried to set the sensitivity on a non-existent menu item
Tried to set the sensitivity on a non-existent menu item
Tried to set the sensitivity on a non-existent menu item
Tried to set the sensitivity on a non-existent menu item
Tried to set the sensitivity on a non-existent menu item
Tried to set the sensitivity on a non-existent menu item
Tried to set the sensitivity on a non-existent menu item
Tried to set the sensitivity on a non-existent menu item
Tried to set the sensitivity on a non-existent menu item
Tried to set the sensitivity on a non-existent menu item
Tried to set the sensitivity on a non-existent menu item
Tried to set the sensitivity on a non-existent menu item
Tried to set the sensitivity on a non-existent menu item
Saved [/home/rloader/ele/osc/osc.sch]
Tried to set the sensitivity on a non-existent menu item
Tried to set the sensitivity on a non-existent menu item
Tried to set the sensitivity on a non-existent menu item
Tried to set the sensitivity on a non-existent menu item
Tried to set the sensitivity on a non-existent menu item
Tried to set the sensitivity on a non-existent menu item
Tried to set the sensitivity on a non-existent menu item
Tried to set the sensitivity on a non-existent menu item
Tried to set the sensitivity on a non-existent menu item
Tried to set the sensitivity on a non-existent menu item
Tried to set the sensitivity on a non-existent menu item
Tried to set the sensitivity on a non-existent menu item
Tried to set the sensitivity on a non-existent menu item
Tried to set the sensitivity on a non-existent menu item
Tried to set the sensitivity on a non-existent menu item
Saved [/home/rloader/ele/osc/osc.sch]
Tried to set the sensitivity on a non-existent menu item
Tried to set the sensitivity on a non-existent menu item
Tried to set the sensitivity on a non-existent menu item
Tried to set the sensitivity on a non-existent menu item
Saved [/home/rloader/ele/osc/osc.sch]
Tried to set the sensitivity on a non-existent menu item
Saved [/home/rloader/ele/osc/osc.sch]
Tried to set the sensitivity on a non-existent menu item
Printed current schematic to [/home/rloader/ele/osc/osc.ps]
Saved [/home/rloader/ele/osc/osc.sch]
Tried to set the sensitivity on a non-existent menu item
